<?xml version="1.0" encoding="UTF-8" ?>
<testsuite failures="0" time="15.714" errors="2" skipped="0" tests="2" name="com.voyage.model.BonVoyageServiceTest">
  <properties>
[...]
</properties>
  <testcase time="9.152" classname="com.voyage.model.BonVoyageServiceTest" name="testAddRailwayStation">
    <error type="java.lang.NullPointerException">java.lang.NullPointerException
	at com.voyage.model.BonVoyageServiceTest.testAddRailwayStation(BonVoyageServiceTest.java:21)
</error>
    <system-err>SLF4J: Failed to load class &quot;org.slf4j.impl.StaticLoggerBinder&quot;.
SLF4J: Defaulting to no-operation (NOP) logger implementation
SLF4J: See http://www.slf4j.org/codes.html#StaticLoggerBinder for further details.
</system-err>
  </testcase>
  <testcase time="6.55" classname="com.voyage.model.BonVoyageServiceTest" name="testGetRailwayStation">
    <error message="org.apache.lucene.store.LockObtainFailedException: Lock obtain timed out: NativeFSLock@/tmp/graph.db/index/lucene/node/RailwayStation/write.lock" type="java.lang.RuntimeException">java.lang.RuntimeException: org.apache.lucene.store.LockObtainFailedException: Lock obtain timed out: NativeFSLock@/tmp/graph.db/index/lucene/node/RailwayStation/write.lock
	at org.neo4j.index.impl.lucene.LuceneDataSource.newIndexWriter(LuceneDataSource.java:718)
	at org.neo4j.index.impl.lucene.LuceneDataSource.syncGetIndexSearcher(LuceneDataSource.java:596)
	at org.neo4j.index.impl.lucene.LuceneDataSource.getIndexSearcher(LuceneDataSource.java:560)
	at org.neo4j.index.impl.lucene.LuceneIndex.query(LuceneIndex.java:268)
	at org.neo4j.index.impl.lucene.LuceneIndex.get(LuceneIndex.java:207)
	at org.springframework.data.neo4j.repository.AbstractGraphRepository.getIndexHits(AbstractGraphRepository.java:189)
	at org.springframework.data.neo4j.repository.AbstractGraphRepository.findByPropertyValue(AbstractGraphRepository.java:174)
	at org.springframework.data.neo4j.repository.AbstractGraphRepository.findByPropertyValue(AbstractGraphRepository.java:161)
	at com.voyage.model.BonVoyageService.getRailwayStation(BonVoyageService.java:55)
	at com.voyage.model.BonVoyageServiceTest.testGetRailwayStation(BonVoyageServiceTest.java:25)
Caused by: org.apache.lucene.store.LockObtainFailedException: Lock obtain timed out: NativeFSLock@/tmp/graph.db/index/lucene/node/RailwayStation/write.lock
	at org.apache.lucene.store.Lock.obtain(Lock.java:84)
	at org.apache.lucene.index.IndexWriter.&lt;init&gt;(IndexWriter.java:1098)
	at org.neo4j.index.impl.lucene.LuceneDataSource.newIndexWriter(LuceneDataSource.java:707)
	... 37 more
</error>
  </testcase>
</testsuite>